Start testing: May 12 21:19 FLE Daylight Time
----------------------------------------------------------
1/31 Testing: Create account and check balance
1/31 Test: Create account and check balance
Command: "C:/Users/icodi/Desktop/asdasdasdasdasdasdas/Exceptions/build/tests/Debug/public_tests.exe" "Create account and check balance"
Directory: C:/Users/icodi/Desktop/asdasdasdasdasdasdas/Exceptions/build/tests
"Create account and check balance" start time: May 12 21:19 FLE Daylight Time
Output:
----------------------------------------------------------
Filters: "Create account and check balance"
Randomness seeded to: 909574612
===============================================================================
All tests passed (3 assertions in 1 test case)

<end of output>
Test time =   0.01 sec
----------------------------------------------------------
Test Passed.
"Create account and check balance" end time: May 12 21:19 FLE Daylight Time
"Create account and check balance" time elapsed: 00:00:00
----------------------------------------------------------

2/31 Testing: Deposit increases balance
2/31 Test: Deposit increases balance
Command: "C:/Users/icodi/Desktop/asdasdasdasdasdasdas/Exceptions/build/tests/Debug/public_tests.exe" "Deposit increases balance"
Directory: C:/Users/icodi/Desktop/asdasdasdasdasdasdas/Exceptions/build/tests
"Deposit increases balance" start time: May 12 21:19 FLE Daylight Time
Output:
----------------------------------------------------------
Filters: "Deposit increases balance"
Randomness seeded to: 2338882919
===============================================================================
All tests passed (1 assertion in 1 test case)

<end of output>
Test time =   0.01 sec
----------------------------------------------------------
Test Passed.
"Deposit increases balance" end time: May 12 21:19 FLE Daylight Time
"Deposit increases balance" time elapsed: 00:00:00
----------------------------------------------------------

3/31 Testing: Withdraw decreases balance
3/31 Test: Withdraw decreases balance
Command: "C:/Users/icodi/Desktop/asdasdasdasdasdasdas/Exceptions/build/tests/Debug/public_tests.exe" "Withdraw decreases balance"
Directory: C:/Users/icodi/Desktop/asdasdasdasdasdasdas/Exceptions/build/tests
"Withdraw decreases balance" start time: May 12 21:19 FLE Daylight Time
Output:
----------------------------------------------------------
Filters: "Withdraw decreases balance"
Randomness seeded to: 391595974
===============================================================================
All tests passed (1 assertion in 1 test case)

<end of output>
Test time =   0.01 sec
----------------------------------------------------------
Test Passed.
"Withdraw decreases balance" end time: May 12 21:19 FLE Daylight Time
"Withdraw decreases balance" time elapsed: 00:00:00
----------------------------------------------------------

4/31 Testing: Transfer moves money between accounts
4/31 Test: Transfer moves money between accounts
Command: "C:/Users/icodi/Desktop/asdasdasdasdasdasdas/Exceptions/build/tests/Debug/public_tests.exe" "Transfer moves money between accounts"
Directory: C:/Users/icodi/Desktop/asdasdasdasdasdasdas/Exceptions/build/tests
"Transfer moves money between accounts" start time: May 12 21:19 FLE Daylight Time
Output:
----------------------------------------------------------
Filters: "Transfer moves money between accounts"
Randomness seeded to: 4092617021
===============================================================================
All tests passed (2 assertions in 1 test case)

<end of output>
Test time =   0.01 sec
----------------------------------------------------------
Test Passed.
"Transfer moves money between accounts" end time: May 12 21:19 FLE Daylight Time
"Transfer moves money between accounts" time elapsed: 00:00:00
----------------------------------------------------------

5/31 Testing: Transaction history is recorded
5/31 Test: Transaction history is recorded
Command: "C:/Users/icodi/Desktop/asdasdasdasdasdasdas/Exceptions/build/tests/Debug/public_tests.exe" "Transaction history is recorded"
Directory: C:/Users/icodi/Desktop/asdasdasdasdasdasdas/Exceptions/build/tests
"Transaction history is recorded" start time: May 12 21:19 FLE Daylight Time
Output:
----------------------------------------------------------
Filters: "Transaction history is recorded"
Randomness seeded to: 2811602859
===============================================================================
All tests passed (3 assertions in 1 test case)

<end of output>
Test time =   0.01 sec
----------------------------------------------------------
Test Passed.
"Transaction history is recorded" end time: May 12 21:19 FLE Daylight Time
"Transaction history is recorded" time elapsed: 00:00:00
----------------------------------------------------------

6/31 Testing: MyVector basic operations
6/31 Test: MyVector basic operations
Command: "C:/Users/icodi/Desktop/asdasdasdasdasdasdas/Exceptions/build/tests/Debug/public_tests.exe" "MyVector basic operations"
Directory: C:/Users/icodi/Desktop/asdasdasdasdasdasdas/Exceptions/build/tests
"MyVector basic operations" start time: May 12 21:19 FLE Daylight Time
Output:
----------------------------------------------------------
Filters: "MyVector basic operations"
Randomness seeded to: 555414539
===============================================================================
All tests passed (4 assertions in 1 test case)

<end of output>
Test time =   0.01 sec
----------------------------------------------------------
Test Passed.
"MyVector basic operations" end time: May 12 21:19 FLE Daylight Time
"MyVector basic operations" time elapsed: 00:00:00
----------------------------------------------------------

7/31 Testing: MyVector grows beyond initial capacity
7/31 Test: MyVector grows beyond initial capacity
Command: "C:/Users/icodi/Desktop/asdasdasdasdasdasdas/Exceptions/build/tests/Debug/public_tests.exe" "MyVector grows beyond initial capacity"
Directory: C:/Users/icodi/Desktop/asdasdasdasdasdasdas/Exceptions/build/tests
"MyVector grows beyond initial capacity" start time: May 12 21:19 FLE Daylight Time
Output:
----------------------------------------------------------
Filters: "MyVector grows beyond initial capacity"
Randomness seeded to: 1263137293
===============================================================================
All tests passed (2 assertions in 1 test case)

<end of output>
Test time =   0.01 sec
----------------------------------------------------------
Test Passed.
"MyVector grows beyond initial capacity" end time: May 12 21:19 FLE Daylight Time
"MyVector grows beyond initial capacity" time elapsed: 00:00:00
----------------------------------------------------------

8/31 Testing: MyString basic operations
8/31 Test: MyString basic operations
Command: "C:/Users/icodi/Desktop/asdasdasdasdasdasdas/Exceptions/build/tests/Debug/public_tests.exe" "MyString basic operations"
Directory: C:/Users/icodi/Desktop/asdasdasdasdasdasdas/Exceptions/build/tests
"MyString basic operations" start time: May 12 21:19 FLE Daylight Time
Output:
----------------------------------------------------------
Filters: "MyString basic operations"
Randomness seeded to: 3755008779
===============================================================================
All tests passed (5 assertions in 1 test case)

<end of output>
Test time =   0.01 sec
----------------------------------------------------------
Test Passed.
"MyString basic operations" end time: May 12 21:19 FLE Daylight Time
"MyString basic operations" time elapsed: 00:00:00
----------------------------------------------------------

9/31 Testing: Statistics work for a non-empty bank
9/31 Test: Statistics work for a non-empty bank
Command: "C:/Users/icodi/Desktop/asdasdasdasdasdasdas/Exceptions/build/tests/Debug/public_tests.exe" "Statistics work for a non-empty bank"
Directory: C:/Users/icodi/Desktop/asdasdasdasdasdasdas/Exceptions/build/tests
"Statistics work for a non-empty bank" start time: May 12 21:19 FLE Daylight Time
Output:
----------------------------------------------------------
Filters: "Statistics work for a non-empty bank"
Randomness seeded to: 1779202300
===============================================================================
All tests passed (3 assertions in 1 test case)

<end of output>
Test time =   0.01 sec
----------------------------------------------------------
Test Passed.
"Statistics work for a non-empty bank" end time: May 12 21:19 FLE Daylight Time
"Statistics work for a non-empty bank" time elapsed: 00:00:00
----------------------------------------------------------

10/31 Testing: Sort by balance ascending
10/31 Test: Sort by balance ascending
Command: "C:/Users/icodi/Desktop/asdasdasdasdasdasdas/Exceptions/build/tests/Debug/public_tests.exe" "Sort by balance ascending"
Directory: C:/Users/icodi/Desktop/asdasdasdasdasdasdas/Exceptions/build/tests
"Sort by balance ascending" start time: May 12 21:19 FLE Daylight Time
Output:
----------------------------------------------------------
Filters: "Sort by balance ascending"
Randomness seeded to: 3699489666
===============================================================================
All tests passed (3 assertions in 1 test case)

<end of output>
Test time =   0.01 sec
----------------------------------------------------------
Test Passed.
"Sort by balance ascending" end time: May 12 21:19 FLE Daylight Time
"Sort by balance ascending" time elapsed: 00:00:00
----------------------------------------------------------

11/31 Testing: Sort by id ascending
11/31 Test: Sort by id ascending
Command: "C:/Users/icodi/Desktop/asdasdasdasdasdasdas/Exceptions/build/tests/Debug/public_tests.exe" "Sort by id ascending"
Directory: C:/Users/icodi/Desktop/asdasdasdasdasdasdas/Exceptions/build/tests
"Sort by id ascending" start time: May 12 21:19 FLE Daylight Time
Output:
----------------------------------------------------------
Filters: "Sort by id ascending"
Randomness seeded to: 4296778
===============================================================================
All tests passed (3 assertions in 1 test case)

<end of output>
Test time =   0.01 sec
----------------------------------------------------------
Test Passed.
"Sort by id ascending" end time: May 12 21:19 FLE Daylight Time
"Sort by id ascending" time elapsed: 00:00:00
----------------------------------------------------------

12/31 Testing: MyVector::at on out-of-range index throws std::out_of_range
12/31 Test: MyVector::at on out-of-range index throws std::out_of_range
Command: "C:/Users/icodi/Desktop/asdasdasdasdasdasdas/Exceptions/build/tests/Debug/hidden_tests.exe" "MyVector::at on out-of-range index throws std::out_of_range"
Directory: C:/Users/icodi/Desktop/asdasdasdasdasdasdas/Exceptions/build/tests
"MyVector::at on out-of-range index throws std::out_of_range" start time: May 12 21:19 FLE Daylight Time
Output:
----------------------------------------------------------
Filters: "MyVector::at on out-of-range index throws std::out_of_range"
Randomness seeded to: 2758193465

~~~~~~~~~~~~~~~~~~~~~~~~~~~~~~~~~~~~~~~~~~~~~~~~~~~~~~~~~~~~~~~~~~~~~~~~~~~~~~~
hidden_tests.exe is a Catch2 v3.5.2 host application.
Run with -? for options

-------------------------------------------------------------------------------
MyVector::at on out-of-range index throws std::out_of_range
-------------------------------------------------------------------------------
C:\Users\icodi\Desktop\asdasdasdasdasdasdas\Exceptions\tests\hidden_tests.cpp(24)
...............................................................................

C:\Users\icodi\Desktop\asdasdasdasdasdasdas\Exceptions\tests\hidden_tests.cpp(27): FAILED:
  REQUIRE_THROWS_AS( v.at(5), std::out_of_range )
because no exception was thrown where one was expected:

===============================================================================
test cases: 1 | 1 failed
assertions: 1 | 1 failed

<end of output>
Test time =   0.01 sec
----------------------------------------------------------
Test Failed.
"MyVector::at on out-of-range index throws std::out_of_range" end time: May 12 21:19 FLE Daylight Time
"MyVector::at on out-of-range index throws std::out_of_range" time elapsed: 00:00:00
----------------------------------------------------------

13/31 Testing: MyVector::pop_back on empty vector throws std::underflow_error
13/31 Test: MyVector::pop_back on empty vector throws std::underflow_error
Command: "C:/Users/icodi/Desktop/asdasdasdasdasdasdas/Exceptions/build/tests/Debug/hidden_tests.exe" "MyVector::pop_back on empty vector throws std::underflow_error"
Directory: C:/Users/icodi/Desktop/asdasdasdasdasdasdas/Exceptions/build/tests
"MyVector::pop_back on empty vector throws std::underflow_error" start time: May 12 21:19 FLE Daylight Time
Output:
----------------------------------------------------------
Filters: "MyVector::pop_back on empty vector throws std::underflow_error"
Randomness seeded to: 449561564

~~~~~~~~~~~~~~~~~~~~~~~~~~~~~~~~~~~~~~~~~~~~~~~~~~~~~~~~~~~~~~~~~~~~~~~~~~~~~~~
hidden_tests.exe is a Catch2 v3.5.2 host application.
Run with -? for options

-------------------------------------------------------------------------------
MyVector::pop_back on empty vector throws std::underflow_error
-------------------------------------------------------------------------------
C:\Users\icodi\Desktop\asdasdasdasdasdasdas\Exceptions\tests\hidden_tests.cpp(30)
...............................................................................

C:\Users\icodi\Desktop\asdasdasdasdasdasdas\Exceptions\tests\hidden_tests.cpp(32): FAILED:
  REQUIRE_THROWS_AS( v.pop_back(), std::underflow_error )
because no exception was thrown where one was expected:

===============================================================================
test cases: 1 | 1 failed
assertions: 1 | 1 failed

<end of output>
Test time =   0.01 sec
----------------------------------------------------------
Test Failed.
"MyVector::pop_back on empty vector throws std::underflow_error" end time: May 12 21:19 FLE Daylight Time
"MyVector::pop_back on empty vector throws std::underflow_error" time elapsed: 00:00:00
----------------------------------------------------------

14/31 Testing: MyVector::reserve with absurd size throws std::length_error
14/31 Test: MyVector::reserve with absurd size throws std::length_error
Command: "C:/Users/icodi/Desktop/asdasdasdasdasdasdas/Exceptions/build/tests/Debug/hidden_tests.exe" "MyVector::reserve with absurd size throws std::length_error"
Directory: C:/Users/icodi/Desktop/asdasdasdasdasdasdas/Exceptions/build/tests
"MyVector::reserve with absurd size throws std::length_error" start time: May 12 21:19 FLE Daylight Time
Output:
----------------------------------------------------------
Filters: "MyVector::reserve with absurd size throws std::length_error"
Randomness seeded to: 4163242526

~~~~~~~~~~~~~~~~~~~~~~~~~~~~~~~~~~~~~~~~~~~~~~~~~~~~~~~~~~~~~~~~~~~~~~~~~~~~~~~
hidden_tests.exe is a Catch2 v3.5.2 host application.
Run with -? for options

-------------------------------------------------------------------------------
MyVector::reserve with absurd size throws std::length_error
-------------------------------------------------------------------------------
C:\Users\icodi\Desktop\asdasdasdasdasdasdas\Exceptions\tests\hidden_tests.cpp(35)
...............................................................................

C:\Users\icodi\Desktop\asdasdasdasdasdasdas\Exceptions\tests\hidden_tests.cpp(37): FAILED:
  REQUIRE_THROWS_AS( v.reserve(static_cast<std::size_t>(-1)), std::length_error )
due to unexpected exception with message:
  bad array new length

===============================================================================
test cases: 1 | 1 failed
assertions: 1 | 1 failed

<end of output>
Test time =   0.01 sec
----------------------------------------------------------
Test Failed.
"MyVector::reserve with absurd size throws std::length_error" end time: May 12 21:19 FLE Daylight Time
"MyVector::reserve with absurd size throws std::length_error" time elapsed: 00:00:00
----------------------------------------------------------

15/31 Testing: MyString out-of-range access throws std::out_of_range
15/31 Test: MyString out-of-range access throws std::out_of_range
Command: "C:/Users/icodi/Desktop/asdasdasdasdasdasdas/Exceptions/build/tests/Debug/hidden_tests.exe" "MyString out-of-range access throws std::out_of_range"
Directory: C:/Users/icodi/Desktop/asdasdasdasdasdasdas/Exceptions/build/tests
"MyString out-of-range access throws std::out_of_range" start time: May 12 21:19 FLE Daylight Time
Output:
----------------------------------------------------------
Filters: "MyString out-of-range access throws std::out_of_range"
Randomness seeded to: 2293871117

~~~~~~~~~~~~~~~~~~~~~~~~~~~~~~~~~~~~~~~~~~~~~~~~~~~~~~~~~~~~~~~~~~~~~~~~~~~~~~~
hidden_tests.exe is a Catch2 v3.5.2 host application.
Run with -? for options

-------------------------------------------------------------------------------
MyString out-of-range access throws std::out_of_range
-------------------------------------------------------------------------------
C:\Users\icodi\Desktop\asdasdasdasdasdasdas\Exceptions\tests\hidden_tests.cpp(40)
...............................................................................

C:\Users\icodi\Desktop\asdasdasdasdasdasdas\Exceptions\tests\hidden_tests.cpp(42): FAILED:
  REQUIRE_THROWS_AS( s[10], std::out_of_range )
because no exception was thrown where one was expected:

===============================================================================
test cases: 1 | 1 failed
assertions: 1 | 1 failed

<end of output>
Test time =   0.01 sec
----------------------------------------------------------
Test Failed.
"MyString out-of-range access throws std::out_of_range" end time: May 12 21:19 FLE Daylight Time
"MyString out-of-range access throws std::out_of_range" time elapsed: 00:00:00
----------------------------------------------------------

16/31 Testing: Negative deposit throws std::invalid_argument
16/31 Test: Negative deposit throws std::invalid_argument
Command: "C:/Users/icodi/Desktop/asdasdasdasdasdasdas/Exceptions/build/tests/Debug/hidden_tests.exe" "Negative deposit throws std::invalid_argument"
Directory: C:/Users/icodi/Desktop/asdasdasdasdasdasdas/Exceptions/build/tests
"Negative deposit throws std::invalid_argument" start time: May 12 21:19 FLE Daylight Time
Output:
----------------------------------------------------------
Filters: "Negative deposit throws std::invalid_argument"
Randomness seeded to: 1552324304

~~~~~~~~~~~~~~~~~~~~~~~~~~~~~~~~~~~~~~~~~~~~~~~~~~~~~~~~~~~~~~~~~~~~~~~~~~~~~~~
hidden_tests.exe is a Catch2 v3.5.2 host application.
Run with -? for options

-------------------------------------------------------------------------------
Negative deposit throws std::invalid_argument
-------------------------------------------------------------------------------
C:\Users\icodi\Desktop\asdasdasdasdasdasdas\Exceptions\tests\hidden_tests.cpp(49)
...............................................................................

C:\Users\icodi\Desktop\asdasdasdasdasdasdas\Exceptions\tests\hidden_tests.cpp(52): FAILED:
  REQUIRE_THROWS_AS( bank.deposit(1, -10.0), std::invalid_argument )
because no exception was thrown where one was expected:

===============================================================================
test cases: 1 | 1 failed
assertions: 1 | 1 failed

<end of output>
Test time =   0.01 sec
----------------------------------------------------------
Test Failed.
"Negative deposit throws std::invalid_argument" end time: May 12 21:19 FLE Daylight Time
"Negative deposit throws std::invalid_argument" time elapsed: 00:00:00
----------------------------------------------------------

17/31 Testing: Negative withdraw throws std::invalid_argument
17/31 Test: Negative withdraw throws std::invalid_argument
Command: "C:/Users/icodi/Desktop/asdasdasdasdasdasdas/Exceptions/build/tests/Debug/hidden_tests.exe" "Negative withdraw throws std::invalid_argument"
Directory: C:/Users/icodi/Desktop/asdasdasdasdasdasdas/Exceptions/build/tests
"Negative withdraw throws std::invalid_argument" start time: May 12 21:19 FLE Daylight Time
Output:
----------------------------------------------------------
Filters: "Negative withdraw throws std::invalid_argument"
Randomness seeded to: 3418568706

~~~~~~~~~~~~~~~~~~~~~~~~~~~~~~~~~~~~~~~~~~~~~~~~~~~~~~~~~~~~~~~~~~~~~~~~~~~~~~~
hidden_tests.exe is a Catch2 v3.5.2 host application.
Run with -? for options

-------------------------------------------------------------------------------
Negative withdraw throws std::invalid_argument
-------------------------------------------------------------------------------
C:\Users\icodi\Desktop\asdasdasdasdasdasdas\Exceptions\tests\hidden_tests.cpp(55)
...............................................................................

C:\Users\icodi\Desktop\asdasdasdasdasdasdas\Exceptions\tests\hidden_tests.cpp(58): FAILED:
  REQUIRE_THROWS_AS( bank.withdraw(1, -10.0), std::invalid_argument )
because no exception was thrown where one was expected:

===============================================================================
test cases: 1 | 1 failed
assertions: 1 | 1 failed

<end of output>
Test time =   0.01 sec
----------------------------------------------------------
Test Failed.
"Negative withdraw throws std::invalid_argument" end time: May 12 21:19 FLE Daylight Time
"Negative withdraw throws std::invalid_argument" time elapsed: 00:00:00
----------------------------------------------------------

18/31 Testing: Withdraw more than balance throws std::underflow_error
18/31 Test: Withdraw more than balance throws std::underflow_error
Command: "C:/Users/icodi/Desktop/asdasdasdasdasdasdas/Exceptions/build/tests/Debug/hidden_tests.exe" "Withdraw more than balance throws std::underflow_error"
Directory: C:/Users/icodi/Desktop/asdasdasdasdasdasdas/Exceptions/build/tests
"Withdraw more than balance throws std::underflow_error" start time: May 12 21:19 FLE Daylight Time
Output:
----------------------------------------------------------
Filters: "Withdraw more than balance throws std::underflow_error"
Randomness seeded to: 2486730358

~~~~~~~~~~~~~~~~~~~~~~~~~~~~~~~~~~~~~~~~~~~~~~~~~~~~~~~~~~~~~~~~~~~~~~~~~~~~~~~
hidden_tests.exe is a Catch2 v3.5.2 host application.
Run with -? for options

-------------------------------------------------------------------------------
Withdraw more than balance throws std::underflow_error
-------------------------------------------------------------------------------
C:\Users\icodi\Desktop\asdasdasdasdasdasdas\Exceptions\tests\hidden_tests.cpp(61)
...............................................................................

C:\Users\icodi\Desktop\asdasdasdasdasdasdas\Exceptions\tests\hidden_tests.cpp(64): FAILED:
  REQUIRE_THROWS_AS( bank.withdraw(1, 100.0), std::underflow_error )
because no exception was thrown where one was expected:

===============================================================================
test cases: 1 | 1 failed
assertions: 1 | 1 failed

<end of output>
Test time =   0.01 sec
----------------------------------------------------------
Test Failed.
"Withdraw more than balance throws std::underflow_error" end time: May 12 21:19 FLE Daylight Time
"Withdraw more than balance throws std::underflow_error" time elapsed: 00:00:00
----------------------------------------------------------

19/31 Testing: Duplicate account ID throws std::invalid_argument
19/31 Test: Duplicate account ID throws std::invalid_argument
Command: "C:/Users/icodi/Desktop/asdasdasdasdasdasdas/Exceptions/build/tests/Debug/hidden_tests.exe" "Duplicate account ID throws std::invalid_argument"
Directory: C:/Users/icodi/Desktop/asdasdasdasdasdasdas/Exceptions/build/tests
"Duplicate account ID throws std::invalid_argument" start time: May 12 21:19 FLE Daylight Time
Output:
----------------------------------------------------------
Filters: "Duplicate account ID throws std::invalid_argument"
Randomness seeded to: 1205971445

~~~~~~~~~~~~~~~~~~~~~~~~~~~~~~~~~~~~~~~~~~~~~~~~~~~~~~~~~~~~~~~~~~~~~~~~~~~~~~~
hidden_tests.exe is a Catch2 v3.5.2 host application.
Run with -? for options

-------------------------------------------------------------------------------
Duplicate account ID throws std::invalid_argument
-------------------------------------------------------------------------------
C:\Users\icodi\Desktop\asdasdasdasdasdasdas\Exceptions\tests\hidden_tests.cpp(67)
...............................................................................

C:\Users\icodi\Desktop\asdasdasdasdasdasdas\Exceptions\tests\hidden_tests.cpp(72): FAILED:
  REQUIRE_THROWS_AS( bank.createAccount(1, MyString("Bob"), 50.0), std::invalid_argument )
because no exception was thrown where one was expected:

===============================================================================
test cases: 1 | 1 failed
assertions: 1 | 1 failed

<end of output>
Test time =   0.01 sec
----------------------------------------------------------
Test Failed.
"Duplicate account ID throws std::invalid_argument" end time: May 12 21:19 FLE Daylight Time
"Duplicate account ID throws std::invalid_argument" time elapsed: 00:00:00
----------------------------------------------------------

20/31 Testing: Finding a non-existing account throws std::out_of_range
20/31 Test: Finding a non-existing account throws std::out_of_range
Command: "C:/Users/icodi/Desktop/asdasdasdasdasdasdas/Exceptions/build/tests/Debug/hidden_tests.exe" "Finding a non-existing account throws std::out_of_range"
Directory: C:/Users/icodi/Desktop/asdasdasdasdasdasdas/Exceptions/build/tests
"Finding a non-existing account throws std::out_of_range" start time: May 12 21:19 FLE Daylight Time
Output:
----------------------------------------------------------
Filters: "Finding a non-existing account throws std::out_of_range"
Randomness seeded to: 3735169107

~~~~~~~~~~~~~~~~~~~~~~~~~~~~~~~~~~~~~~~~~~~~~~~~~~~~~~~~~~~~~~~~~~~~~~~~~~~~~~~
hidden_tests.exe is a Catch2 v3.5.2 host application.
Run with -? for options

-------------------------------------------------------------------------------
Finding a non-existing account throws std::out_of_range
-------------------------------------------------------------------------------
C:\Users\icodi\Desktop\asdasdasdasdasdasdas\Exceptions\tests\hidden_tests.cpp(75)
...............................................................................

C:\Users\icodi\Desktop\asdasdasdasdasdasdas\Exceptions\tests\hidden_tests.cpp(78): FAILED:
  REQUIRE_THROWS_AS( bank.findAccount(99), std::out_of_range )
because no exception was thrown where one was expected:

===============================================================================
test cases: 1 | 1 failed
assertions: 1 | 1 failed

<end of output>
Test time =   0.01 sec
----------------------------------------------------------
Test Failed.
"Finding a non-existing account throws std::out_of_range" end time: May 12 21:19 FLE Daylight Time
"Finding a non-existing account throws std::out_of_range" time elapsed: 00:00:00
----------------------------------------------------------

21/31 Testing: Transfer to non-existing account throws std::out_of_range
21/31 Test: Transfer to non-existing account throws std::out_of_range
Command: "C:/Users/icodi/Desktop/asdasdasdasdasdasdas/Exceptions/build/tests/Debug/hidden_tests.exe" "Transfer to non-existing account throws std::out_of_range"
Directory: C:/Users/icodi/Desktop/asdasdasdasdasdasdas/Exceptions/build/tests
"Transfer to non-existing account throws std::out_of_range" start time: May 12 21:19 FLE Daylight Time
Output:
----------------------------------------------------------
Filters: "Transfer to non-existing account throws std::out_of_range"
Randomness seeded to: 1480680319

~~~~~~~~~~~~~~~~~~~~~~~~~~~~~~~~~~~~~~~~~~~~~~~~~~~~~~~~~~~~~~~~~~~~~~~~~~~~~~~
hidden_tests.exe is a Catch2 v3.5.2 host application.
Run with -? for options

-------------------------------------------------------------------------------
Transfer to non-existing account throws std::out_of_range
-------------------------------------------------------------------------------
C:\Users\icodi\Desktop\asdasdasdasdasdasdas\Exceptions\tests\hidden_tests.cpp(81)
...............................................................................

C:\Users\icodi\Desktop\asdasdasdasdasdasdas\Exceptions\tests\hidden_tests.cpp(81): FAILED:
due to a fatal error condition:
  SIGSEGV - Segmentation violation signal

===============================================================================
test cases: 1 | 1 failed
assertions: 1 | 1 failed

<end of output>
Test time =   4.04 sec
----------------------------------------------------------
Test Failed.
"Transfer to non-existing account throws std::out_of_range" end time: May 12 21:19 FLE Daylight Time
"Transfer to non-existing account throws std::out_of_range" time elapsed: 00:00:04
----------------------------------------------------------

22/31 Testing: Transfer to the same account throws std::logic_error
22/31 Test: Transfer to the same account throws std::logic_error
Command: "C:/Users/icodi/Desktop/asdasdasdasdasdasdas/Exceptions/build/tests/Debug/hidden_tests.exe" "Transfer to the same account throws std::logic_error"
Directory: C:/Users/icodi/Desktop/asdasdasdasdasdasdas/Exceptions/build/tests
"Transfer to the same account throws std::logic_error" start time: May 12 21:19 FLE Daylight Time
Output:
----------------------------------------------------------
Filters: "Transfer to the same account throws std::logic_error"
Randomness seeded to: 3479494023

~~~~~~~~~~~~~~~~~~~~~~~~~~~~~~~~~~~~~~~~~~~~~~~~~~~~~~~~~~~~~~~~~~~~~~~~~~~~~~~
hidden_tests.exe is a Catch2 v3.5.2 host application.
Run with -? for options

-------------------------------------------------------------------------------
Transfer to the same account throws std::logic_error
-------------------------------------------------------------------------------
C:\Users\icodi\Desktop\asdasdasdasdasdasdas\Exceptions\tests\hidden_tests.cpp(87)
...............................................................................

C:\Users\icodi\Desktop\asdasdasdasdasdasdas\Exceptions\tests\hidden_tests.cpp(90): FAILED:
  REQUIRE_THROWS_AS( bank.transfer(1, 1, 10.0), std::logic_error )
because no exception was thrown where one was expected:

===============================================================================
test cases: 1 | 1 failed
assertions: 1 | 1 failed

<end of output>
Test time =   0.01 sec
----------------------------------------------------------
Test Failed.
"Transfer to the same account throws std::logic_error" end time: May 12 21:19 FLE Daylight Time
"Transfer to the same account throws std::logic_error" time elapsed: 00:00:00
----------------------------------------------------------

23/31 Testing: Negative transfer amount throws std::invalid_argument
23/31 Test: Negative transfer amount throws std::invalid_argument
Command: "C:/Users/icodi/Desktop/asdasdasdasdasdasdas/Exceptions/build/tests/Debug/hidden_tests.exe" "Negative transfer amount throws std::invalid_argument"
Directory: C:/Users/icodi/Desktop/asdasdasdasdasdasdas/Exceptions/build/tests
"Negative transfer amount throws std::invalid_argument" start time: May 12 21:19 FLE Daylight Time
Output:
----------------------------------------------------------
Filters: "Negative transfer amount throws std::invalid_argument"
Randomness seeded to: 1092797328

~~~~~~~~~~~~~~~~~~~~~~~~~~~~~~~~~~~~~~~~~~~~~~~~~~~~~~~~~~~~~~~~~~~~~~~~~~~~~~~
hidden_tests.exe is a Catch2 v3.5.2 host application.
Run with -? for options

-------------------------------------------------------------------------------
Negative transfer amount throws std::invalid_argument
-------------------------------------------------------------------------------
C:\Users\icodi\Desktop\asdasdasdasdasdasdas\Exceptions\tests\hidden_tests.cpp(93)
...............................................................................

C:\Users\icodi\Desktop\asdasdasdasdasdasdas\Exceptions\tests\hidden_tests.cpp(97): FAILED:
  REQUIRE_THROWS_AS( bank.transfer(1, 2, -10.0), std::invalid_argument )
because no exception was thrown where one was expected:

===============================================================================
test cases: 1 | 1 failed
assertions: 1 | 1 failed

<end of output>
Test time =   0.01 sec
----------------------------------------------------------
Test Failed.
"Negative transfer amount throws std::invalid_argument" end time: May 12 21:19 FLE Daylight Time
"Negative transfer amount throws std::invalid_argument" time elapsed: 00:00:00
----------------------------------------------------------

24/31 Testing: Negative initial balance throws std::invalid_argument
24/31 Test: Negative initial balance throws std::invalid_argument
Command: "C:/Users/icodi/Desktop/asdasdasdasdasdasdas/Exceptions/build/tests/Debug/hidden_tests.exe" "Negative initial balance throws std::invalid_argument"
Directory: C:/Users/icodi/Desktop/asdasdasdasdasdasdas/Exceptions/build/tests
"Negative initial balance throws std::invalid_argument" start time: May 12 21:19 FLE Daylight Time
Output:
----------------------------------------------------------
Filters: "Negative initial balance throws std::invalid_argument"
Randomness seeded to: 702120150

~~~~~~~~~~~~~~~~~~~~~~~~~~~~~~~~~~~~~~~~~~~~~~~~~~~~~~~~~~~~~~~~~~~~~~~~~~~~~~~
hidden_tests.exe is a Catch2 v3.5.2 host application.
Run with -? for options

-------------------------------------------------------------------------------
Negative initial balance throws std::invalid_argument
-------------------------------------------------------------------------------
C:\Users\icodi\Desktop\asdasdasdasdasdasdas\Exceptions\tests\hidden_tests.cpp(100)
...............................................................................

C:\Users\icodi\Desktop\asdasdasdasdasdasdas\Exceptions\tests\hidden_tests.cpp(104): FAILED:
  REQUIRE_THROWS_AS( bank.createAccount(1, MyString("X"), -50.0), std::invalid_argument )
because no exception was thrown where one was expected:

===============================================================================
test cases: 1 | 1 failed
assertions: 1 | 1 failed

<end of output>
Test time =   0.01 sec
----------------------------------------------------------
Test Failed.
"Negative initial balance throws std::invalid_argument" end time: May 12 21:19 FLE Daylight Time
"Negative initial balance throws std::invalid_argument" time elapsed: 00:00:00
----------------------------------------------------------

25/31 Testing: Non-positive account ID throws std::invalid_argument
25/31 Test: Non-positive account ID throws std::invalid_argument
Command: "C:/Users/icodi/Desktop/asdasdasdasdasdasdas/Exceptions/build/tests/Debug/hidden_tests.exe" "Non-positive account ID throws std::invalid_argument"
Directory: C:/Users/icodi/Desktop/asdasdasdasdasdasdas/Exceptions/build/tests
"Non-positive account ID throws std::invalid_argument" start time: May 12 21:19 FLE Daylight Time
Output:
----------------------------------------------------------
Filters: "Non-positive account ID throws std::invalid_argument"
Randomness seeded to: 2223887859

~~~~~~~~~~~~~~~~~~~~~~~~~~~~~~~~~~~~~~~~~~~~~~~~~~~~~~~~~~~~~~~~~~~~~~~~~~~~~~~
hidden_tests.exe is a Catch2 v3.5.2 host application.
Run with -? for options

-------------------------------------------------------------------------------
Non-positive account ID throws std::invalid_argument
-------------------------------------------------------------------------------
C:\Users\icodi\Desktop\asdasdasdasdasdasdas\Exceptions\tests\hidden_tests.cpp(107)
...............................................................................

C:\Users\icodi\Desktop\asdasdasdasdasdasdas\Exceptions\tests\hidden_tests.cpp(111): FAILED:
  REQUIRE_THROWS_AS( bank.createAccount(-5, MyString("Alice"), 100.0), std::invalid_argument )
because no exception was thrown where one was expected:

===============================================================================
test cases: 1 | 1 failed
assertions: 1 | 1 failed

<end of output>
Test time =   0.01 sec
----------------------------------------------------------
Test Failed.
"Non-positive account ID throws std::invalid_argument" end time: May 12 21:19 FLE Daylight Time
"Non-positive account ID throws std::invalid_argument" time elapsed: 00:00:00
----------------------------------------------------------

26/31 Testing: Empty owner name throws std::invalid_argument
26/31 Test: Empty owner name throws std::invalid_argument
Command: "C:/Users/icodi/Desktop/asdasdasdasdasdasdas/Exceptions/build/tests/Debug/hidden_tests.exe" "Empty owner name throws std::invalid_argument"
Directory: C:/Users/icodi/Desktop/asdasdasdasdasdasdas/Exceptions/build/tests
"Empty owner name throws std::invalid_argument" start time: May 12 21:19 FLE Daylight Time
Output:
----------------------------------------------------------
Filters: "Empty owner name throws std::invalid_argument"
Randomness seeded to: 4116099365

~~~~~~~~~~~~~~~~~~~~~~~~~~~~~~~~~~~~~~~~~~~~~~~~~~~~~~~~~~~~~~~~~~~~~~~~~~~~~~~
hidden_tests.exe is a Catch2 v3.5.2 host application.
Run with -? for options

-------------------------------------------------------------------------------
Empty owner name throws std::invalid_argument
-------------------------------------------------------------------------------
C:\Users\icodi\Desktop\asdasdasdasdasdasdas\Exceptions\tests\hidden_tests.cpp(114)
...............................................................................

C:\Users\icodi\Desktop\asdasdasdasdasdasdas\Exceptions\tests\hidden_tests.cpp(118): FAILED:
  REQUIRE_THROWS_AS( bank.createAccount(1, MyString(""), 100.0), std::invalid_argument )
because no exception was thrown where one was expected:

===============================================================================
test cases: 1 | 1 failed
assertions: 1 | 1 failed

<end of output>
Test time =   0.01 sec
----------------------------------------------------------
Test Failed.
"Empty owner name throws std::invalid_argument" end time: May 12 21:19 FLE Daylight Time
"Empty owner name throws std::invalid_argument" time elapsed: 00:00:00
----------------------------------------------------------

27/31 Testing: Deposit causing overflow throws std::overflow_error
27/31 Test: Deposit causing overflow throws std::overflow_error
Command: "C:/Users/icodi/Desktop/asdasdasdasdasdasdas/Exceptions/build/tests/Debug/hidden_tests.exe" "Deposit causing overflow throws std::overflow_error"
Directory: C:/Users/icodi/Desktop/asdasdasdasdasdasdas/Exceptions/build/tests
"Deposit causing overflow throws std::overflow_error" start time: May 12 21:19 FLE Daylight Time
Output:
----------------------------------------------------------
Filters: "Deposit causing overflow throws std::overflow_error"
Randomness seeded to: 3870034688

~~~~~~~~~~~~~~~~~~~~~~~~~~~~~~~~~~~~~~~~~~~~~~~~~~~~~~~~~~~~~~~~~~~~~~~~~~~~~~~
hidden_tests.exe is a Catch2 v3.5.2 host application.
Run with -? for options

-------------------------------------------------------------------------------
Deposit causing overflow throws std::overflow_error
-------------------------------------------------------------------------------
C:\Users\icodi\Desktop\asdasdasdasdasdasdas\Exceptions\tests\hidden_tests.cpp(121)
...............................................................................

C:\Users\icodi\Desktop\asdasdasdasdasdasdas\Exceptions\tests\hidden_tests.cpp(124): FAILED:
  REQUIRE_THROWS_AS( bank.deposit(1, 1e308), std::overflow_error )
because no exception was thrown where one was expected:

===============================================================================
test cases: 1 | 1 failed
assertions: 1 | 1 failed

<end of output>
Test time =   0.01 sec
----------------------------------------------------------
Test Failed.
"Deposit causing overflow throws std::overflow_error" end time: May 12 21:19 FLE Daylight Time
"Deposit causing overflow throws std::overflow_error" time elapsed: 00:00:00
----------------------------------------------------------

28/31 Testing: Average balance on empty bank throws std::logic_error
28/31 Test: Average balance on empty bank throws std::logic_error
Command: "C:/Users/icodi/Desktop/asdasdasdasdasdasdas/Exceptions/build/tests/Debug/hidden_tests.exe" "Average balance on empty bank throws std::logic_error"
Directory: C:/Users/icodi/Desktop/asdasdasdasdasdasdas/Exceptions/build/tests
"Average balance on empty bank throws std::logic_error" start time: May 12 21:19 FLE Daylight Time
Output:
----------------------------------------------------------
Filters: "Average balance on empty bank throws std::logic_error"
Randomness seeded to: 1222987884

~~~~~~~~~~~~~~~~~~~~~~~~~~~~~~~~~~~~~~~~~~~~~~~~~~~~~~~~~~~~~~~~~~~~~~~~~~~~~~~
hidden_tests.exe is a Catch2 v3.5.2 host application.
Run with -? for options

-------------------------------------------------------------------------------
Average balance on empty bank throws std::logic_error
-------------------------------------------------------------------------------
C:\Users\icodi\Desktop\asdasdasdasdasdasdas\Exceptions\tests\hidden_tests.cpp(131)
...............................................................................

C:\Users\icodi\Desktop\asdasdasdasdasdasdas\Exceptions\tests\hidden_tests.cpp(133): FAILED:
  REQUIRE_THROWS_AS( Statistics::averageBalance(bank), std::logic_error )
because no exception was thrown where one was expected:

===============================================================================
test cases: 1 | 1 failed
assertions: 1 | 1 failed

<end of output>
Test time =   0.01 sec
----------------------------------------------------------
Test Failed.
"Average balance on empty bank throws std::logic_error" end time: May 12 21:19 FLE Daylight Time
"Average balance on empty bank throws std::logic_error" time elapsed: 00:00:00
----------------------------------------------------------

29/31 Testing: Richest account on empty bank throws std::logic_error
29/31 Test: Richest account on empty bank throws std::logic_error
Command: "C:/Users/icodi/Desktop/asdasdasdasdasdasdas/Exceptions/build/tests/Debug/hidden_tests.exe" "Richest account on empty bank throws std::logic_error"
Directory: C:/Users/icodi/Desktop/asdasdasdasdasdasdas/Exceptions/build/tests
"Richest account on empty bank throws std::logic_error" start time: May 12 21:19 FLE Daylight Time
Output:
----------------------------------------------------------
Filters: "Richest account on empty bank throws std::logic_error"
Randomness seeded to: 706270438

~~~~~~~~~~~~~~~~~~~~~~~~~~~~~~~~~~~~~~~~~~~~~~~~~~~~~~~~~~~~~~~~~~~~~~~~~~~~~~~
hidden_tests.exe is a Catch2 v3.5.2 host application.
Run with -? for options

-------------------------------------------------------------------------------
Richest account on empty bank throws std::logic_error
-------------------------------------------------------------------------------
C:\Users\icodi\Desktop\asdasdasdasdasdasdas\Exceptions\tests\hidden_tests.cpp(136)
...............................................................................

C:\Users\icodi\Desktop\asdasdasdasdasdasdas\Exceptions\tests\hidden_tests.cpp(136): FAILED:
due to a fatal error condition:
  SIGSEGV - Segmentation violation signal

===============================================================================
test cases: 1 | 1 failed
assertions: 1 | 1 failed

<end of output>
Test time =   3.84 sec
----------------------------------------------------------
Test Failed.
"Richest account on empty bank throws std::logic_error" end time: May 12 21:19 FLE Daylight Time
"Richest account on empty bank throws std::logic_error" time elapsed: 00:00:03
----------------------------------------------------------

30/31 Testing: Loading a non-existing file throws std::runtime_error
30/31 Test: Loading a non-existing file throws std::runtime_error
Command: "C:/Users/icodi/Desktop/asdasdasdasdasdasdas/Exceptions/build/tests/Debug/hidden_tests.exe" "Loading a non-existing file throws std::runtime_error"
Directory: C:/Users/icodi/Desktop/asdasdasdasdasdasdas/Exceptions/build/tests
"Loading a non-existing file throws std::runtime_error" start time: May 12 21:19 FLE Daylight Time
Output:
----------------------------------------------------------
Filters: "Loading a non-existing file throws std::runtime_error"
Randomness seeded to: 3073485940

~~~~~~~~~~~~~~~~~~~~~~~~~~~~~~~~~~~~~~~~~~~~~~~~~~~~~~~~~~~~~~~~~~~~~~~~~~~~~~~
hidden_tests.exe is a Catch2 v3.5.2 host application.
Run with -? for options

-------------------------------------------------------------------------------
Loading a non-existing file throws std::runtime_error
-------------------------------------------------------------------------------
C:\Users\icodi\Desktop\asdasdasdasdasdasdas\Exceptions\tests\hidden_tests.cpp(145)
...............................................................................

C:\Users\icodi\Desktop\asdasdasdasdasdasdas\Exceptions\tests\hidden_tests.cpp(149): FAILED:
  REQUIRE_THROWS_AS( FileManager::load(bank, MyString("does_not_exist_xyz_123.txt")), std::runtime_error )
because no exception was thrown where one was expected:

===============================================================================
test cases: 1 | 1 failed
assertions: 1 | 1 failed

<end of output>
Test time =   0.01 sec
----------------------------------------------------------
Test Failed.
"Loading a non-existing file throws std::runtime_error" end time: May 12 21:19 FLE Daylight Time
"Loading a non-existing file throws std::runtime_error" time elapsed: 00:00:00
----------------------------------------------------------

31/31 Testing: Loading a malformed file throws std::runtime_error
31/31 Test: Loading a malformed file throws std::runtime_error
Command: "C:/Users/icodi/Desktop/asdasdasdasdasdasdas/Exceptions/build/tests/Debug/hidden_tests.exe" "Loading a malformed file throws std::runtime_error"
Directory: C:/Users/icodi/Desktop/asdasdasdasdasdasdas/Exceptions/build/tests
"Loading a malformed file throws std::runtime_error" start time: May 12 21:19 FLE Daylight Time
Output:
----------------------------------------------------------
Filters: "Loading a malformed file throws std::runtime_error"
Randomness seeded to: 2014589058

~~~~~~~~~~~~~~~~~~~~~~~~~~~~~~~~~~~~~~~~~~~~~~~~~~~~~~~~~~~~~~~~~~~~~~~~~~~~~~~
hidden_tests.exe is a Catch2 v3.5.2 host application.
Run with -? for options

-------------------------------------------------------------------------------
Loading a malformed file throws std::runtime_error
-------------------------------------------------------------------------------
C:\Users\icodi\Desktop\asdasdasdasdasdasdas\Exceptions\tests\hidden_tests.cpp(152)
...............................................................................

C:\Users\icodi\Desktop\asdasdasdasdasdasdas\Exceptions\tests\hidden_tests.cpp(161): FAILED:
  REQUIRE_THROWS_AS( FileManager::load(bank, MyString(fname)), std::runtime_error )
because no exception was thrown where one was expected:

===============================================================================
test cases: 1 | 1 failed
assertions: 1 | 1 failed

<end of output>
Test time =   0.01 sec
----------------------------------------------------------
Test Failed.
"Loading a malformed file throws std::runtime_error" end time: May 12 21:19 FLE Daylight Time
"Loading a malformed file throws std::runtime_error" time elapsed: 00:00:00
----------------------------------------------------------

End testing: May 12 21:19 FLE Daylight Time
